EFFORT-Android-master/proguard/mapping.txt
in.spoors.effort1.AgendaActivity -> in.spoors.effort1.AgendaActivity:
    android.widget.ListView listView -> a
    android.support.v4.widget.SimpleCursorAdapter adapter -> b
    java.text.SimpleDateFormat timeFormat -> c
    java.text.SimpleDateFormat dateFormat -> d
    java.text.SimpleDateFormat dateTimeFormatWithOutYear -> e
    in.spoors.effort1.DrawerFragment drawerFragment -> f
    in.spoors.effort1.dao.SpecialWorkingHoursDao swhDao -> g
    in.spoors.effort1.dao.JobsDao jobsDao -> h
    in.spoors.effort1.dao.AssignedRoutesDao asignRoutesDao -> i
    in.spoors.effort1.dao.SettingsDao settingsDao -> j
    in.spoors.effort1.StatusFragment statusFragment -> k
    void onCreate(android.os.Bundle) -> onCreate
    boolean onCreateOptionsMenu(android.view.Menu) -> onCreateOptionsMenu
    void onResume() -> onResume
    void onPause() -> onPause
    android.support.v4.content.Loader onCreateLoader(int,android.os.Bundle) -> onCreateLoader
    void onLoadFinished(android.support.v4.content.Loader,android.database.Cursor) -> a
    void onLoaderReset(android.support.v4.content.Loader) -> onLoaderReset
    void onItemClick(android.widget.AdapterView,android.view.View,int,long) -> onItemClick
    boolean onOptionsItemSelected(android.view.MenuItem) -> onOptionsItemSelected
    void onBackPressed() -> onBackPressed
    void onPostCreate(android.os.Bundle) -> onPostCreate
    void onConfigurationChanged(android.content.res.Configuration) -> onConfigurationChanged
in.spoors.effort1.AgendaActivity$MyViewBinder -> in.spoors.effort1.a:
    in.spoors.effort1.AgendaActivity this$0 -> a
    boolean isSameDayAsPrevRow(android.database.Cursor) -> a
    boolean setViewValue(android.view.View,android.database.Cursor,int) -> a
in.spoors.effort1.AgendaFragment -> in.spoors.effort1.AgendaFragment:
    android.view.View onCreateView(android.view.LayoutInflater,android.view.ViewGroup,android.os.Bundle) -> onCreateView
in.spoors.effort1.AirplaneModeReceiver -> in.spoors.effort1.AirplaneModeReceiver:
    void onReceive(android.content.Context,android.content.Intent) -> onReceive
in.spoors.effort1.ArticleActivity -> in.spoors.effort1.ArticleActivity:
    long articleId -> a
    in.spoors.effort1.dto.Article currentArticle -> b
    in.spoors.effort1.dao.ArticlesDao articlesDao -> c
    android.view.View mediaLayout -> d
    android.widget.TextView titleTextView -> e
    android.widget.TextView descriptionTextView -> f
    android.widget.Button mediaButton -> g
    android.widget.TextView createdOnTextView -> h
    android.widget.TextView modifiedOnTextView -> i
    android.widget.TextView createdByTextView -> j
    android.widget.TextView modifiedByTextView -> k
    java.text.SimpleDateFormat dateTimeFormat -> l
    in.spoors.effort1.ArticleActivity$ProgressUpdateThread progressUpdateThread -> m
    in.spoors.effort1.dao.SettingsDao settingsDao -> n
    void onCreate(android.os.Bundle) -> onCreate
    boolean onCreateOptionsMenu(android.view.Menu) -> onCreateOptionsMenu
    void onSaveInstanceState(android.os.Bundle) -> onSaveInstanceState
    void onResume() -> onResume
    void onPause() -> onPause
    boolean onOptionsItemSelected(android.view.MenuItem) -> onOptionsItemSelected
    boolean startBftsIfRequired() -> a
    void updateMediaButtonText() -> b
    void onMediaButtonClick(android.view.View) -> onMediaButtonClick
    void onBackPressed() -> onBackPressed
    in.spoors.effort1.dao.ArticlesDao access$0(in.spoors.effort1.ArticleActivity) -> a
    long access$1(in.spoors.effort1.ArticleActivity) -> b
in.spoors.effort1.ArticleActivity$ProgressUpdateThread -> in.spoors.effort1.b:
    in.spoors.effort1.ArticleActivity this$0 -> a
    void run() -> run
    in.spoors.effort1.ArticleActivity access$0(in.spoors.effort1.ArticleActivity$ProgressUpdateThread) -> a
in.spoors.effort1.ArticleActivity$ProgressUpdateThread$1 -> in.spoors.effort1.c:
    in.spoors.effort1.ArticleActivity$ProgressUpdateThread this$1 -> a
    void run() -> run
...
com.google.zxing.client.android.Contents -> com.google.zxing.client.android.e:
    java.lang.String[] PHONE_KEYS -> a
    java.lang.String[] PHONE_TYPE_KEYS -> b
    java.lang.String[] EMAIL_KEYS -> c
    java.lang.String[] EMAIL_TYPE_KEYS -> d
com.google.zxing.client.android.DecodeFormatManager -> com.google.zxing.client.android.f:
    java.util.regex.Pattern COMMA_PATTERN -> e
    java.util.Collection PRODUCT_FORMATS -> a
    java.util.Collection ONE_D_FORMATS -> b
    java.util.Collection QR_CODE_FORMATS -> c
    java.util.Collection DATA_MATRIX_FORMATS -> d
    java.util.Collection parseDecodeFormats(android.content.Intent) -> a
    java.util.Collection parseDecodeFormats(android.net.Uri) -> a
    java.util.Collection parseDecodeFormats(java.lang.Iterable,java.lang.String) -> a
com.google.zxing.client.android.DecodeHandler -> com.google.zxing.client.android.g:
    java.lang.String TAG -> a
    com.google.zxing.client.android.CaptureActivity activity -> b
    com.google.zxing.MultiFormatReader multiFormatReader -> c
    boolean running -> d
    void handleMessage(android.os.Message) -> handleMessage
    void decode(byte[],int,int) -> a
    void bundleThumbnail(com.google.zxing.PlanarYUVLuminanceSource,android.os.Bundle) -> a
com.google.zxing.client.android.DecodeHintManager -> com.google.zxing.client.android.h:
    java.lang.String TAG -> a
    java.util.regex.Pattern COMMA -> b
    java.util.Map splitQuery(java.lang.String) -> a
    java.util.Map parseDecodeHints(android.net.Uri) -> a
    java.util.Map parseDecodeHints(android.content.Intent) -> a
com.google.zxing.client.android.DecodeThread -> com.google.zxing.client.android.i:
    com.google.zxing.client.android.CaptureActivity activity -> a
    java.util.Map hints -> b
    android.os.Handler handler -> c
    java.util.concurrent.CountDownLatch handlerInitLatch -> d
    android.os.Handler getHandler() -> a
    void run() -> run
com.google.zxing.client.android.FinishListener -> com.google.zxing.client.android.j:
    android.app.Activity activityToFinish -> a
    void onCancel(android.content.DialogInterface) -> onCancel
    void onClick(android.content.DialogInterface,int) -> onClick
    void run() -> a
com.google.zxing.client.android.HelpActivity -> com.google.zxing.client.android.k:
    java.lang.String BASE_URL -> a
    android.webkit.WebView webView -> b
    void onCreate(android.os.Bundle) -> onCreate
    void onSaveInstanceState(android.os.Bundle) -> onSaveInstanceState
    boolean onKeyDown(int,android.view.KeyEvent) -> onKeyDown
com.google.zxing.client.android.HttpHelper -> com.google.zxing.client.android.l:
    java.lang.String TAG -> a
    java.util.Collection REDIRECTOR_DOMAINS -> b
    int[] $SWITCH_TABLE$com$google$zxing$client$android$HttpHelper$ContentType -> c
    java.lang.CharSequence downloadViaHttp(java.lang.String,com.google.zxing.client.android.HttpHelper$ContentType) -> a
    java.lang.CharSequence downloadViaHttp(java.lang.String,com.google.zxing.client.android.HttpHelper$ContentType,int) -> a
    java.lang.CharSequence downloadViaHttp(java.lang.String,java.lang.String,int) -> a
    java.lang.String getEncoding(java.net.URLConnection) -> a
    java.lang.CharSequence consume(java.net.URLConnection,int) -> a
    java.net.URI unredirect(java.net.URI) -> a
    java.net.HttpURLConnection safelyOpenConnection(java.net.URL) -> a
    int safelyConnect(java.lang.String,java.net.HttpURLConnection) -> a
    int[] $SWITCH_TABLE$com$google$zxing$client$android$HttpHelper$ContentType() -> a